[Bootstrap]
SetupTitle=Installa
SetupText=Copia dei file in corso. Attendere.
CabFile=ReName1.CAB
Spawn=Setup1.exe
Uninstal=st6unst.exe
TmpDir=msftqws.pdw
Cabs=3

[Bootstrap Files]
File1=@COMCAT.DLL,$(WinSysPathSysFile),$(DLLSelfRegister),,6/1/98 12.00.00 AM,22288,4.71.1460.1
File2=@MSVCRT40.DLL,$(WinSysPathSysFile),,,6/1/98 12.00.00 AM,326656,4.21.0.0
File3=@VB6STKIT.DLL,$(WinSysPathSysFile),,,8/5/98 12.00.00 AM,102912,6.0.81.69
File4=@VB6IT.DLL,$(WinSysPath),,$(Shared),8/5/98 12.00.00 AM,122128,5.0.81.69
File5=@stdole2.tlb,$(WinSysPathSysFile),$(TLBRegister),,8/23/01 1.00.00 PM,17920,3.50.5014.0
File6=@asycfilt.dll,$(WinSysPathSysFile),,,8/3/04 11.56.42 PM,65024,5.1.2600.2180
File7=@olepro32.dll,$(WinSysPathSysFile),$(DLLSelfRegister),,8/3/04 11.56.46 PM,83456,5.1.2600.2180
File8=@oleaut32.dll,$(WinSysPathSysFile),$(DLLSelfRegister),,8/3/04 11.56.46 PM,553472,5.1.2600.2180
File9=@msvbvm60.dll,$(WinSysPathSysFile),$(DLLSelfRegister),,8/3/04 11.56.44 PM,1392671,6.0.96.90

[IconGroups]
Group0=$(Programs)
PrivateGroup0=Vero
Parent0=

[$(Programs)]
Icon1="ReNamer.exe"
Title1=ReNamer 7.2
StartIn1=$(AppPath)

[Setup]
Title=ReNamer 7.2
DefaultDir=$(ProgramFiles)\ReNamer 7.2
AppExe=ReNamer.exe
AppToUninstall=ReNamer.exe

[Setup1 Files]
File1=@TABCTIT.DLL,$(WinSysPath),,$(Shared),8/5/98 12.00.00 AM,22016,6.0.81.63
File2=@TABCTL32.OCX,$(WinSysPath),$(DLLSelfRegister),$(Shared),6/24/98 12.00.00 AM,209192,6.0.81.69
File3=@FLXGDIT.DLL,$(WinSysPath),,$(Shared),8/5/98 12.00.00 AM,43520,6.0.81.63
File4=@MSFLXGRD.OCX,$(WinSysPath),$(DLLSelfRegister),$(Shared),6/24/98 12.00.00 AM,244024,6.0.81.69
File5=@VB5DB.DLL,$(WinSysPath),,$(Shared),6/18/98 12.00.00 AM,89360,6.0.81.69
File6=@MSREPL35.DLL,$(WinSysPathSysFile),,,4/25/98 12.00.00 AM,407312,3.51.623.0
File7=@MSRD2X35.DLL,$(WinSysPathSysFile),$(DLLSelfRegister),,4/25/98 12.00.00 AM,252176,3.51.623.0
File8=@expsrv.dll,$(WinSysPathSysFile),,,8/3/04 11.56.44 PM,380957,6.0.72.9589
File9=@vbajet32.dll,$(WinSysPathSysFile),,,8/3/04 11.56.48 PM,30749,6.0.1.9431
File10=@MSJINT35.DLL,$(WinSysPathSysFile),,,7/20/98 12.00.00 AM,142608,3.51.623.0
File11=@MSJTER35.DLL,$(WinSysPathSysFile),,,4/25/98 12.00.00 AM,24848,3.51.623.0
File12=@MSJET35.DLL,$(WinSysPathSysFile),$(DLLSelfRegister),,4/25/98 12.00.00 AM,1045776,3.51.623.4
File13=@DAO350.DLL,$(MSDAOPath),$(DLLSelfRegister),$(Shared),4/28/98 12.00.00 AM,570128,3.51.1608.0
File14=@ReNamer.exe,$(AppPath),,,10/31/06 4.21.17 PM,212992,7.2.0.0

; Le righe seguenti potrebbero essere eliminate per ottenere spazio 
; aggiuntivo per la personalizzazione di questo file in un dischetto 
; per l'installazione completa.
; 
; XXXXXXXXXXXXXXXXXXXXXXXXXXXXXXXXXXXXXXXXXXXXXXXXXXXXXXXXXXXX
; XXXXXXXXXXXXXXXXXXXXXXXXXXXXXXXXXXXXXXXXXXXXXXXXXXXXXXXXXXXX
; XXXXXXXXXXXXXXXXXXXXXXXXXXXXXXXXXXXXXXXXXXXXXXXXXXXXXXXXXXXX
; XXXXXXXXXXXXXXXXXXXXXXXXXXXXXXXXXXXXXXXXXXXXXXXXXXXXXXXXXXXX
; XXXXXXXXXXXXXXXXXXXXXXXXXXXXXXXXXXXXXXXXXXXXXXXXXXXXXXXXXXXX
; XXXXXXXXXXXXXXXXXXXXXXXXXXXXXXXXXXXXXXXXXXXXXXXXXXXXXXXXXXXX
; XXXXXXXXXXXXXXXXXXXXXXXXXXXXXXXXXXXXXXXXXXXXXXXXXXXXXXXXXXXX
; XXXXXXXXXXXXXXXXXXXXXXXXXXXXXXXXXXXXXXXXXXXXXXXXXXXXXXXXXXXX
; XXXXXXXXXXXXXXXXXXXXXXXXXXXXXXXXXXXXXXXXXXXXXXXXXXXXXXXXXXXX
; XXXXXXXXXXXXXXXXXXXXXXXXXXXXXXXXXXXXXXXXXXXXXXXXXXXXXXXXXXXX
; XXXXXXXXXXXXXXXXXXXXXXXXXXXXXXXXXXXXXXXXXXXXXXXXXXXXXXXXXXXX
; XXXXXXXXXXXXXXXXXXXXXXXXXXXXXXXXXXXXXXXXXXXXXXXXXXXXXXXXXXXX
; XXXXXXXXXXXXXXXXXXXXXXXXXXXXXXXXXXXXXXXXXXXXXXXXXXXXXXXXXXXX
; XXXXXXXXXXXXXXXXXXXXXXXXXXXXXXXXXXXXXXXXXXXXXXXXXXXXXXXXXXXX
; XXXXXXXXXXXXXXXXXXXXXXXXXXXXXXXXXXXXXXXXXXXXXXXXXXXXXXXXXXXX
; XXXXXXXXXXXXXXXXXXXXXXXXXXXXXXXXXXXXXXXXXXXXXXXXXXXXXXXXXXXX
; XXXXXXXXXXXXXXXXXXXXXXXXXXXXXXXXXXXXXXXXXXXXXXXXXXXXXXXXXXXX
; XXXXXXXXXXXXXXXXXXXXXXXXXXXXXXXXXXXXXXXXXXXXXXXXXXXXXXXXXXXX
; XXXXXXXXXXXXXXXXXXXXXXXXXXXXXXXXXXXXXXXXXXXXXXXXXXXXXXXXXXXX
; XXXXXXXXXXXXXXXXXXXXXXXXXXXXXXXXXXXXXXXXXXXXXXXXXXXXXXXXXXXX
; XXXXXXXXXXXXXXXXXXXXXXXXXXXXXXXXXXXXXXXXXXXXXXXXXXXXXXXXXXXX
; XXXXXXXXXXXXXXXXXXXXXXXXXXXXXXXXXXXXXXXXXXXXXXXXXXXXXXXXXXXX
; XXXXXXXXXXXXXXXXXXXXXXXXXXXXXXXXXXXXXXXXXXXXXXXXXXXXXXXXXXXX
; XXXXXXXXXXXXXXXXXXXXXXXXXXXXXXXXXXXXXXXXXXXXXXXXXXXXXXXXXXXX
; XXXXXXXXXXXXXXXXXXXXXXXXXXXXXXXXXXXXXXXXXXXXXXXXXXXXXXXXXXXX
; XXXXXXXXXXXXXXXXXXXXXXXXXXXXXXXXXXXXXXXXXXXXXXXXXXXXXXXXXXXX
; XXXXXXXXXXXXXXXXXXXXXXXXXXXXXXXXXXXXXXXXXXXXXXXXXXXXXXXXXXXX
; XXXXXXXXXXXXXXXXXXXXXXXXXXXXXXXXXXXXXXXXXXXXXXXXXXXXXXXXXXXX
; XXXXXXXXXXXXXXXXXXXXXXXXXXXXXXXXXXXXXXXXXXXXXXXXXXXXXXXXXXXX
; XXXXXXXXXXXXXXXXXXXXXXXXXXXXXXXXXXXXXXXXXXXXXXXXXXXXXXXXXXXX
; XXXXXXXXXXXXXXXXXXXXXXXXXXXXXXXXXXXXXXXXXXXXXXXXXXXXXXXXXXXX
; XXXXXXXXXXXXXXXXXXXXXXXXXXXXXXXXXXXXXXXXXXXXXXXXXXXXXXXXXXXX
; XXXXXXXXXXXXXXXXXXXXXXXXXXXXXXXXXXXXXXXXXXXXXXXXXXXXXXXXXXXX
; XXXXXXXXXXXXXXXXXXXXXXXXXXXXXXXXXXXXXXXXXXXXXXXXXXXXXXXXXXXX
; XXXXXXXXXXXXXXXXXXXXXXXXXXXXXXXXXXXXXXXXXXXXXXXXXXXXXXXXXXXX
